<?xml version="1.0" encoding="UTF-8"?>
<!-- Generated by org.testng.reporters.JUnitXMLReporter -->
<testsuite hostname="Dell" name="Command line test 7e4c2212-c26b-4b4d-8444-3a252268a345" tests="3" failures="0" timestamp="13 Mar 2015 06:31:37 GMT" time="3.275" errors="0">
  <testcase name="getStuDdetail" time="0.433" classname="gefp.model.dao.StuDTest"/>
  <testcase name="getStuDdetailCheckpointforjdoe2" time="0.049" classname="gefp.model.dao.StuDTest"/>
  <testcase name="getstudetailifchk" time="0.038" classname="gefp.model.dao.StuDTest"/>
</testsuite> <!-- Command line test 7e4c2212-c26b-4b4d-8444-3a252268a345 -->
