<?xml version="1.0" encoding="UTF-8"?>
<testng-results skipped="0" failed="0" total="3" passed="3">
  <reporter-output>
  </reporter-output>
  <suite name="gefp.model.dao.StuDTest" duration-ms="3275" started-at="2015-03-13T06:31:34Z" finished-at="2015-03-13T06:31:37Z">
    <groups>
      <group name="UserDaoTest">
        <method signature="StuDTest.getStuDdetail()[pri:0, instance:gefp.model.dao.StuDTest@13805618]" name="getStuDdetail" class="gefp.model.dao.StuDTest"/>
        <method signature="StuDTest.getStuDdetailCheckpointforjdoe2()[pri:0, instance:gefp.model.dao.StuDTest@13805618]" name="getStuDdetailCheckpointforjdoe2" class="gefp.model.dao.StuDTest"/>
        <method signature="StuDTest.getstudetailifchk()[pri:0, instance:gefp.model.dao.StuDTest@13805618]" name="getstudetailifchk" class="gefp.model.dao.StuDTest"/>
      </group> <!-- UserDaoTest -->
    </groups>
    <test name="Command line test 7e4c2212-c26b-4b4d-8444-3a252268a345" duration-ms="3275" started-at="2015-03-13T06:31:34Z" finished-at="2015-03-13T06:31:37Z">
      <class name="gefp.model.dao.StuDTest">
        <test-method status="PASS" signature="springTestContextBeforeTestClass()[pri:0, instance:gefp.model.dao.StuDTest@13805618]" name="springTestContextBeforeTestClass" is-config="true" duration-ms="9" started-at="2015-03-12T23:31:34Z" finished-at="2015-03-12T23:31:34Z">
          <reporter-output>
          </reporter-output>
        </test-method> <!-- springTestContextBeforeTestClass -->
        <test-method status="PASS" signature="springTestContextPrepareTestInstance()[pri:0, instance:gefp.model.dao.StuDTest@13805618]" name="springTestContextPrepareTestInstance" is-config="true" duration-ms="2635" started-at="2015-03-12T23:31:34Z" depends-on-methods="org.springframework.test.context.testng.AbstractTestNGSpringContextTests.springTestContextBeforeTestClass" finished-at="2015-03-12T23:31:37Z">
          <reporter-output>
          </reporter-output>
        </test-method> <!-- springTestContextPrepareTestInstance -->
        <test-method status="PASS" signature="springTestContextBeforeTestMethod(java.lang.reflect.Method)[pri:0, instance:gefp.model.dao.StuDTest@13805618]" name="springTestContextBeforeTestMethod" is-config="true" duration-ms="73" started-at="2015-03-12T23:31:37Z" finished-at="2015-03-12T23:31:37Z">
          <params>
            <param index="0">
              <value>
                <![CDATA[public void gefp.model.dao.StuDTest.getStuDdetail()]]>
              </value>
            </param>
          </params>
          <reporter-output>
          </reporter-output>
        </test-method> <!-- springTestContextBeforeTestMethod -->
        <test-method status="PASS" signature="getStuDdetail()[pri:0, instance:gefp.model.dao.StuDTest@13805618]" name="getStuDdetail" duration-ms="433" started-at="2015-03-12T23:31:37Z" finished-at="2015-03-12T23:31:37Z">
          <reporter-output>
          </reporter-output>
        </test-method> <!-- getStuDdetail -->
        <test-method status="PASS" signature="springTestContextAfterTestMethod(java.lang.reflect.Method)[pri:0, instance:gefp.model.dao.StuDTest@13805618]" name="springTestContextAfterTestMethod" is-config="true" duration-ms="9" started-at="2015-03-12T23:31:37Z" finished-at="2015-03-12T23:31:37Z">
          <params>
            <param index="0">
              <value>
                <![CDATA[public void gefp.model.dao.StuDTest.getStuDdetail()]]>
              </value>
            </param>
          </params>
          <reporter-output>
          </reporter-output>
        </test-method> <!-- springTestContextAfterTestMethod -->
        <test-method status="PASS" signature="springTestContextBeforeTestMethod(java.lang.reflect.Method)[pri:0, instance:gefp.model.dao.StuDTest@13805618]" name="springTestContextBeforeTestMethod" is-config="true" duration-ms="2" started-at="2015-03-12T23:31:37Z" finished-at="2015-03-12T23:31:37Z">
          <params>
            <param index="0">
              <value>
                <![CDATA[public void gefp.model.dao.StuDTest.getStuDdetailCheckpointforjdoe2()]]>
              </value>
            </param>
          </params>
          <reporter-output>
          </reporter-output>
        </test-method> <!-- springTestContextBeforeTestMethod -->
        <test-method status="PASS" signature="getStuDdetailCheckpointforjdoe2()[pri:0, instance:gefp.model.dao.StuDTest@13805618]" name="getStuDdetailCheckpointforjdoe2" duration-ms="49" started-at="2015-03-12T23:31:37Z" finished-at="2015-03-12T23:31:37Z">
          <reporter-output>
          </reporter-output>
        </test-method> <!-- getStuDdetailCheckpointforjdoe2 -->
        <test-method status="PASS" signature="springTestContextAfterTestMethod(java.lang.reflect.Method)[pri:0, instance:gefp.model.dao.StuDTest@13805618]" name="springTestContextAfterTestMethod" is-config="true" duration-ms="3" started-at="2015-03-12T23:31:37Z" finished-at="2015-03-12T23:31:37Z">
          <params>
            <param index="0">
              <value>
                <![CDATA[public void gefp.model.dao.StuDTest.getStuDdetailCheckpointforjdoe2()]]>
              </value>
            </param>
          </params>
          <reporter-output>
          </reporter-output>
        </test-method> <!-- springTestContextAfterTestMethod -->
        <test-method status="PASS" signature="springTestContextBeforeTestMethod(java.lang.reflect.Method)[pri:0, instance:gefp.model.dao.StuDTest@13805618]" name="springTestContextBeforeTestMethod" is-config="true" duration-ms="2" started-at="2015-03-12T23:31:37Z" finished-at="2015-03-12T23:31:37Z">
          <params>
            <param index="0">
              <value>
                <![CDATA[public void gefp.model.dao.StuDTest.getstudetailifchk()]]>
              </value>
            </param>
          </params>
          <reporter-output>
          </reporter-output>
        </test-method> <!-- springTestContextBeforeTestMethod -->
        <test-method status="PASS" signature="getstudetailifchk()[pri:0, instance:gefp.model.dao.StuDTest@13805618]" name="getstudetailifchk" duration-ms="38" started-at="2015-03-12T23:31:37Z" finished-at="2015-03-12T23:31:37Z">
          <reporter-output>
          </reporter-output>
        </test-method> <!-- getstudetailifchk -->
        <test-method status="PASS" signature="springTestContextAfterTestMethod(java.lang.reflect.Method)[pri:0, instance:gefp.model.dao.StuDTest@13805618]" name="springTestContextAfterTestMethod" is-config="true" duration-ms="7" started-at="2015-03-12T23:31:37Z" finished-at="2015-03-12T23:31:37Z">
          <params>
            <param index="0">
              <value>
                <![CDATA[public void gefp.model.dao.StuDTest.getstudetailifchk()]]>
              </value>
            </param>
          </params>
          <reporter-output>
          </reporter-output>
        </test-method> <!-- springTestContextAfterTestMethod -->
        <test-method status="PASS" signature="springTestContextAfterTestClass()[pri:0, instance:gefp.model.dao.StuDTest@13805618]" name="springTestContextAfterTestClass" is-config="true" duration-ms="1" started-at="2015-03-12T23:31:37Z" finished-at="2015-03-12T23:31:37Z">
          <reporter-output>
          </reporter-output>
        </test-method> <!-- springTestContextAfterTestClass -->
      </class> <!-- gefp.model.dao.StuDTest -->
    </test> <!-- Command line test 7e4c2212-c26b-4b4d-8444-3a252268a345 -->
  </suite> <!-- gefp.model.dao.StuDTest -->
</testng-results>
